<?xml version="1.0" encoding="UTF-8"?>
<!-- Generated by org.testng.reporters.JUnitXMLReporter -->
<testsuite hostname="Friends-PC" ignored="0" name="BankingAppTest" tests="1" failures="0" timestamp="2020-06-23T14:49:09 EDT" time="0.109" errors="0">
  <testcase name="@BeforeClass setup" time="-1.592938149467E9" classname="com.inetBanking2.testCases.BaseClass2">
    <failure type="org.testng.TestNGException" message="
Can inject only one of &amp;lt;ITestContext, XmlTest&amp;gt; into a @BeforeClass annotated setup.
For more information on native dependency injection please refer to https://testng.org/doc/documentation-main.html#native-dependency-injection">
      <![CDATA[org.testng.TestNGException: 
Can inject only one of <ITestContext, XmlTest> into a @BeforeClass annotated setup.
For more information on native dependency injection please refer to https://testng.org/doc/documentation-main.html#native-dependency-injection
at java.util.ArrayList.forEach(ArrayList.java:1257)
... Removed 22 stack frames]]>
    </failure>
  </testcase> <!-- @BeforeClass setup -->
  <testcase name="@AfterClass tearDown" time="-1.592938149529E9" classname="com.inetBanking2.testCases.BaseClass2">
    <skipped/>
  </testcase> <!-- @AfterClass tearDown -->
  <testcase name="loginTest" time="0.0" classname="com.inetBanking2.testCases.TC_LoginTest_002">
    <skipped/>
  </testcase> <!-- loginTest -->
</testsuite> <!-- BankingAppTest -->
